<?xml version="1.0" encoding="UTF-8"?>
<!-- Generated by org.testng.reporters.JUnitReportReporter -->
<testsuite hostname="Qkan-PC" failures="0" tests="1" name="runnerPackage.TestRunner" time="3.869" errors="0" timestamp="25 Feb 2018 20:10:56 GMT" skipped="0">
  <testcase classname="runnerPackage.TestRunner" name="runScenario" time="3.869"/>
</testsuite> <!-- runnerPackage.TestRunner -->
