<?xml version="1.0" encoding="UTF-8"?>
<!-- Generated by org.testng.reporters.JUnitReportReporter -->
<testsuite hostname="Qkan-PC" failures="0" tests="4" name="runnerPackage.TestRunner" time="11.143" errors="0" timestamp="25 Feb 2018 20:57:20 GMT" skipped="0">
  <testcase classname="runnerPackage.TestRunner" name="runScenario" time="2.645"/>
  <testcase classname="runnerPackage.TestRunner" name="runScenario" time="2.372"/>
  <testcase classname="runnerPackage.TestRunner" name="runScenario" time="2.334"/>
  <testcase classname="runnerPackage.TestRunner" name="runScenario" time="3.792"/>
</testsuite> <!-- runnerPackage.TestRunner -->
