<?xml version="1.0" encoding="UTF-8"?>
<!-- Generated by org.testng.reporters.JUnitReportReporter -->
<testsuite hostname="Qkan-PC" failures="0" tests="1" name="runnerPackage.TestRunner" time="4.861" errors="0" timestamp="25 Feb 2018 19:54:44 GMT" skipped="0">
  <testcase classname="runnerPackage.TestRunner" name="runScenario" time="4.861"/>
</testsuite> <!-- runnerPackage.TestRunner -->
